[1011/164149.149:ERROR:directory_reader_win.cc(43)] FindFirstFile: The system cannot find the path specified. (0x3)
[1011/200248.722:ERROR:directory_reader_win.cc(43)] FindFirstFile: The system cannot find the path specified. (0x3)
[1011/233533.871:ERROR:directory_reader_win.cc(43)] FindFirstFile: The system cannot find the path specified. (0x3)
[1012/090429.933:ERROR:directory_reader_win.cc(43)] FindFirstFile: The system cannot find the path specified. (0x3)
[1012/113304.725:ERROR:directory_reader_win.cc(43)] FindFirstFile: The system cannot find the path specified. (0x3)
[1012/170723.311:ERROR:directory_reader_win.cc(43)] FindFirstFile: The system cannot find the path specified. (0x3)
[1013/100218.096:ERROR:directory_reader_win.cc(43)] FindFirstFile: The system cannot find the path specified. (0x3)
[1013/171923.469:ERROR:directory_reader_win.cc(43)] FindFirstFile: The system cannot find the path specified. (0x3)
[1013/220008.334:ERROR:directory_reader_win.cc(43)] FindFirstFile: The system cannot find the path specified. (0x3)
[1014/100554.977:ERROR:directory_reader_win.cc(43)] FindFirstFile: The system cannot find the path specified. (0x3)
[1029/232121.819:ERROR:directory_reader_win.cc(43)] FindFirstFile: The system cannot find the path specified. (0x3)
[1031/171752.850:ERROR:directory_reader_win.cc(43)] FindFirstFile: The system cannot find the path specified. (0x3)
[1101/131424.696:ERROR:directory_reader_win.cc(43)] FindFirstFile: The system cannot find the path specified. (0x3)
[1223/101938.062:ERROR:process_memory_win.cc(73)] ReadMemory at 0x7ff62f820000 of 64 bytes failed: Only part of a ReadProcessMemory or WriteProcessMemory request was completed. (0x12B)
[1223/101938.063:WARNING:pe_image_reader.cc(340)] could not read dos header from C:\Program Files (x86)\Google\Chrome\Application\chrome.exe
[1223/101938.064:ERROR:process_memory_win.cc(73)] ReadMemory at 0x7ff8d4ee0000 of 64 bytes failed: Only part of a ReadProcessMemory or WriteProcessMemory request was completed. (0x12B)
[1223/101938.064:WARNING:pe_image_reader.cc(340)] could not read dos header from C:\WINDOWS\SYSTEM32\ntdll.dll
[1223/101938.064:ERROR:process_memory_win.cc(73)] ReadMemory at 0x7ff8d4140000 of 64 bytes failed: Only part of a ReadProcessMemory or WriteProcessMemory request was completed. (0x12B)
[1223/101938.064:WARNING:pe_image_reader.cc(340)] could not read dos header from C:\WINDOWS\System32\KERNEL32.DLL
[1223/101938.064:ERROR:process_memory_win.cc(73)] ReadMemory at 0x7ff8d1ec0000 of 64 bytes failed: Only part of a ReadProcessMemory or WriteProcessMemory request was completed. (0x12B)
[1223/101938.064:WARNING:pe_image_reader.cc(340)] could not read dos header from C:\WINDOWS\System32\KERNELBASE.dll
[1223/101938.064:ERROR:process_memory_win.cc(73)] ReadMemory at 0x7ff8b4000000 of 64 bytes failed: Only part of a ReadProcessMemory or WriteProcessMemory request was completed. (0x12B)
[1223/101938.064:WARNING:pe_image_reader.cc(340)] could not read dos header from C:\Program Files (x86)\Google\Chrome\Application\87.0.4280.88\chrome_elf.dll
[1223/101938.064:ERROR:process_memory_win.cc(73)] ReadMemory at 0x7ff8c5b40000 of 64 bytes failed: Only part of a ReadProcessMemory or WriteProcessMemory request was completed. (0x12B)
[1223/101938.064:WARNING:pe_image_reader.cc(340)] could not read dos header from C:\WINDOWS\SYSTEM32\VERSION.dll
[1223/101938.064:ERROR:process_memory_win.cc(73)] ReadMemory at 0x7ff8d4970000 of 64 bytes failed: Only part of a ReadProcessMemory or WriteProcessMemory request was completed. (0x12B)
[1223/101938.064:WARNING:pe_image_reader.cc(340)] could not read dos header from C:\WINDOWS\System32\msvcrt.dll
[1223/101938.064:ERROR:process_memory_win.cc(73)] ReadMemory at 0x7ff8d2d40000 of 64 bytes failed: Only part of a ReadProcessMemory or WriteProcessMemory request was completed. (0x12B)
[1223/101938.064:WARNING:pe_image_reader.cc(340)] could not read dos header from C:\WINDOWS\System32\bcryptPrimitives.dll
[1223/101938.064:ERROR:process_memory_win.cc(73)] ReadMemory at 0x7ff8d3220000 of 64 bytes failed: Only part of a ReadProcessMemory or WriteProcessMemory request was completed. (0x12B)
[1223/101938.065:WARNING:pe_image_reader.cc(340)] could not read dos header from C:\WINDOWS\System32\ADVAPI32.dll
[1223/101938.065:ERROR:process_memory_win.cc(73)] ReadMemory at 0x7ff8d4030000 of 64 bytes failed: Only part of a ReadProcessMemory or WriteProcessMemory request was completed. (0x12B)
[1223/101938.065:WARNING:pe_image_reader.cc(340)] could not read dos header from C:\WINDOWS\System32\sechost.dll
[1223/101938.065:ERROR:process_memory_win.cc(73)] ReadMemory at 0x7ff8d4740000 of 64 bytes failed: Only part of a ReadProcessMemory or WriteProcessMemory request was completed. (0x12B)
[1223/101938.065:WARNING:pe_image_reader.cc(340)] could not read dos header from C:\WINDOWS\System32\RPCRT4.dll
[1223/101938.065:ERROR:process_memory_win.cc(73)] ReadMemory at 0x7ff86a7d0000 of 64 bytes failed: Only part of a ReadProcessMemory or WriteProcessMemory request was completed. (0x12B)
[1223/101938.065:WARNING:pe_image_reader.cc(340)] could not read dos header from C:\Program Files (x86)\Google\Chrome\Application\87.0.4280.88\chrome.dll
[1223/101938.065:ERROR:process_memory_win.cc(73)] ReadMemory at 0x7ff8d3e60000 of 64 bytes failed: Only part of a ReadProcessMemory or WriteProcessMemory request was completed. (0x12B)
[1223/101938.065:WARNING:pe_image_reader.cc(340)] could not read dos header from C:\WINDOWS\System32\WS2_32.dll
[1223/101938.065:ERROR:process_memory_win.cc(73)] ReadMemory at 0x18e623e0000 of 64 bytes failed: Only part of a ReadProcessMemory or WriteProcessMemory request was completed. (0x12B)
[1223/101938.065:WARNING:pe_image_reader.cc(340)] could not read dos header from C:\WINDOWS\System32\OLEAUT32.dll
[1223/101938.065:ERROR:process_memory_win.cc(73)] ReadMemory at 0x7ff8d2220000 of 64 bytes failed: Only part of a ReadProcessMemory or WriteProcessMemory request was completed. (0x12B)
[1223/101938.065:WARNING:pe_image_reader.cc(340)] could not read dos header from C:\WINDOWS\System32\msvcp_win.dll
[1223/101938.065:ERROR:process_memory_win.cc(73)] ReadMemory at 0x7ff8d2a60000 of 64 bytes failed: Only part of a ReadProcessMemory or WriteProcessMemory request was completed. (0x12B)
[1223/101938.065:WARNING:pe_image_reader.cc(340)] could not read dos header from C:\WINDOWS\System32\ucrtbase.dll
[1223/101938.065:ERROR:process_memory_win.cc(73)] ReadMemory at 0x7ff8d39e0000 of 64 bytes failed: Only part of a ReadProcessMemory or WriteProcessMemory request was completed. (0x12B)
[1223/101938.065:WARNING:pe_image_reader.cc(340)] could not read dos header from C:\WINDOWS\System32\combase.dll
[1223/101938.065:ERROR:process_memory_win.cc(73)] ReadMemory at 0x7ff8d2ce0000 of 64 bytes failed: Only part of a ReadProcessMemory or WriteProcessMemory request was completed. (0x12B)
[1223/101938.065:WARNING:pe_image_reader.cc(340)] could not read dos header from C:\WINDOWS\System32\WINTRUST.dll
[1223/101938.065:ERROR:process_memory_win.cc(73)] ReadMemory at 0x7ff8d1e50000 of 64 bytes failed: Only part of a ReadProcessMemory or WriteProcessMemory request was completed. (0x12B)
[1223/101938.065:WARNING:pe_image_reader.cc(340)] could not read dos header from C:\WINDOWS\System32\MSASN1.dll
[1223/101938.065:ERROR:process_memory_win.cc(73)] ReadMemory at 0x7ff8d2b60000 of 64 bytes failed: Only part of a ReadProcessMemory or WriteProcessMemory request was completed. (0x12B)
[1223/101938.065:WARNING:pe_image_reader.cc(340)] could not read dos header from C:\WINDOWS\System32\CRYPT32.dll
[1223/101938.065:ERROR:process_memory_win.cc(73)] ReadMemory at 0x7ff8d06b0000 of 64 bytes failed: Only part of a ReadProcessMemory or WriteProcessMemory request was completed. (0x12B)
[1223/101938.065:WARNING:pe_image_reader.cc(340)] could not read dos header from C:\WINDOWS\SYSTEM32\dbghelp.dll
[1223/101938.065:ERROR:process_memory_win.cc(73)] ReadMemory at 0x7ff8d1330000 of 64 bytes failed: Only part of a ReadProcessMemory or WriteProcessMemory request was completed. (0x12B)
[1223/101938.065:WARNING:pe_image_reader.cc(340)] could not read dos header from C:\WINDOWS\SYSTEM32\IPHLPAPI.DLL
[1223/101938.065:ERROR:process_memory_win.cc(73)] ReadMemory at 0x7ff8cf4a0000 of 64 bytes failed: Only part of a ReadProcessMemory or WriteProcessMemory request was completed. (0x12B)
[1223/101938.066:WARNING:pe_image_reader.cc(340)] could not read dos header from C:\WINDOWS\SYSTEM32\WINMM.dll
[1223/101938.066:ERROR:process_memory_win.cc(73)] ReadMemory at 0x7ff8acaf0000 of 64 bytes failed: Only part of a ReadProcessMemory or WriteProcessMemory request was completed. (0x12B)
[1223/101938.066:WARNING:pe_image_reader.cc(340)] could not read dos header from C:\WINDOWS\SYSTEM32\UIAutomationCore.DLL
[1223/101938.066:ERROR:process_memory_win.cc(73)] ReadMemory at 0x7ff8c3370000 of 64 bytes failed: Only part of a ReadProcessMemory or WriteProcessMemory request was completed. (0x12B)
[1223/101938.066:WARNING:pe_image_reader.cc(340)] could not read dos header from C:\WINDOWS\SYSTEM32\Secur32.dll
[1223/101938.066:ERROR:process_memory_win.cc(73)] ReadMemory at 0x7ff8d1ca0000 of 64 bytes failed: Only part of a ReadProcessMemory or WriteProcessMemory request was completed. (0x12B)
[1223/101938.066:WARNING:pe_image_reader.cc(340)] could not read dos header from C:\WINDOWS\SYSTEM32\USERENV.dll
[1223/101938.066:ERROR:process_memory_win.cc(73)] ReadMemory at 0x7ff8d1e30000 of 64 bytes failed: Only part of a ReadProcessMemory or WriteProcessMemory request was completed. (0x12B)
[1223/101938.066:WARNING:pe_image_reader.cc(340)] could not read dos header from C:\WINDOWS\System32\profapi.dll
[1223/101938.066:ERROR:process_memory_win.cc(73)] ReadMemory at 0x7ff8b33f0000 of 64 bytes failed: Only part of a ReadProcessMemory or WriteProcessMemory request was completed. (0x12B)
[1223/101938.066:WARNING:pe_image_reader.cc(340)] could not read dos header from C:\WINDOWS\SYSTEM32\DWrite.dll
[1223/101938.066:ERROR:process_memory_win.cc(73)] ReadMemory at 0x7ff8c26b0000 of 64 bytes failed: Only part of a ReadProcessMemory or WriteProcessMemory request was completed. (0x12B)
[1223/101938.066:WARNING:pe_image_reader.cc(340)] could not read dos header from C:\WINDOWS\SYSTEM32\WINSPOOL.DRV
[1223/101938.066:ERROR:process_memory_win.cc(73)] ReadMemory at 0x7ff8d1dc0000 of 64 bytes failed: Only part of a ReadProcessMemory or WriteProcessMemory request was completed. (0x12B)
[1223/101938.066:WARNING:pe_image_reader.cc(340)] could not read dos header from C:\WINDOWS\System32\kernel.appcore.dll
[1223/101938.066:ERROR:process_memory_win.cc(73)] ReadMemory at 0x7ff8d2cb0000 of 64 bytes failed: Only part of a ReadProcessMemory or WriteProcessMemory request was completed. (0x12B)
[1223/101938.066:WARNING:pe_image_reader.cc(340)] could not read dos header from C:\WINDOWS\System32\bcrypt.dll
[1223/101938.066:ERROR:process_memory_win.cc(73)] ReadMemory at 0x7ff8cc9d0000 of 64 bytes failed: Only part of a ReadProcessMemory or WriteProcessMemory request was completed. (0x12B)
[1223/101938.066:WARNING:pe_image_reader.cc(340)] could not read dos header from C:\WINDOWS\SYSTEM32\WINHTTP.dll
[1223/101938.066:ERROR:process_memory_win.cc(73)] ReadMemory at 0x7ff8ca820000 of 64 bytes failed: Only part of a ReadProcessMemory or WriteProcessMemory request was completed. (0x12B)
[1223/101938.066:WARNING:pe_image_reader.cc(340)] could not read dos header from C:\WINDOWS\SYSTEM32\dhcpcsvc.DLL
[1223/101938.067:ERROR:process_memory_win.cc(73)] ReadMemory at 0x7ff8d2f90000 of 64 bytes failed: Only part of a ReadProcessMemory or WriteProcessMemory request was completed. (0x12B)
[1223/101938.067:WARNING:pe_image_reader.cc(340)] could not read dos header from C:\WINDOWS\System32\NSI.dll
[1223/101938.067:ERROR:process_memory_win.cc(73)] ReadMemory at 0x7ff8cf470000 of 64 bytes failed: Only part of a ReadProcessMemory or WriteProcessMemory request was completed. (0x12B)
[1223/101938.067:WARNING:pe_image_reader.cc(340)] could not read dos header from C:\WINDOWS\SYSTEM32\WINMMBASE.dll
[1223/101938.067:ERROR:process_memory_win.cc(73)] ReadMemory at 0x7ff8d1e70000 of 64 bytes failed: Only part of a ReadProcessMemory or WriteProcessMemory request was completed. (0x12B)
[1223/101938.067:WARNING:pe_image_reader.cc(340)] could not read dos header from C:\WINDOWS\System32\cfgmgr32.dll
[1223/101938.067:ERROR:process_memory_win.cc(73)] ReadMemory at 0x7ff8ce360000 of 64 bytes failed: Only part of a ReadProcessMemory or WriteProcessMemory request was completed. (0x12B)
[1223/101938.067:WARNING:pe_image_reader.cc(340)] could not read dos header from C:\WINDOWS\SYSTEM32\PROPSYS.dll
[1223/101938.067:ERROR:process_memory_win.cc(73)] ReadMemory at 0x7ff8d4cc0000 of 64 bytes failed: Only part of a ReadProcessMemory or WriteProcessMemory request was completed. (0x12B)
[1223/101938.067:WARNING:pe_image_reader.cc(340)] could not read dos header from C:\WINDOWS\System32\shcore.dll
[1223/101938.067:ERROR:process_memory_win.cc(73)] ReadMemory at 0x7ff8d1cd0000 of 64 bytes failed: Only part of a ReadProcessMemory or WriteProcessMemory request was completed. (0x12B)
[1223/101938.067:WARNING:pe_image_reader.cc(340)] could not read dos header from C:\WINDOWS\SYSTEM32\SSPICLI.DLL
[1223/101938.067:ERROR:process_memory_win.cc(73)] ReadMemory at 0x7ff8d17f0000 of 64 bytes failed: Only part of a ReadProcessMemory or WriteProcessMemory request was completed. (0x12B)
[1223/101938.067:WARNING:pe_image_reader.cc(340)] could not read dos header from C:\WINDOWS\SYSTEM32\CRYPTBASE.DLL
[1223/101938.077:ERROR:process_memory_win.cc(73)] ReadMemory at 0x7ff62f820000 of 64 bytes failed: Only part of a ReadProcessMemory or WriteProcessMemory request was completed. (0x12B)
[1223/101938.077:WARNING:pe_image_reader.cc(340)] could not read dos header from C:\Program Files (x86)\Google\Chrome\Application\chrome.exe
[1223/101938.077:ERROR:process_memory_win.cc(73)] ReadMemory at 0x7ff8d4ee0000 of 64 bytes failed: Only part of a ReadProcessMemory or WriteProcessMemory request was completed. (0x12B)
[1223/101938.077:WARNING:pe_image_reader.cc(340)] could not read dos header from C:\WINDOWS\SYSTEM32\ntdll.dll
[1223/101938.077:ERROR:process_memory_win.cc(73)] ReadMemory at 0x7ff8d4140000 of 64 bytes failed: Only part of a ReadProcessMemory or WriteProcessMemory request was completed. (0x12B)
[1223/101938.077:WARNING:pe_image_reader.cc(340)] could not read dos header from C:\WINDOWS\System32\KERNEL32.DLL
[1223/101938.077:ERROR:process_memory_win.cc(73)] ReadMemory at 0x7ff8d1ec0000 of 64 bytes failed: Only part of a ReadProcessMemory or WriteProcessMemory request was completed. (0x12B)
[1223/101938.077:WARNING:pe_image_reader.cc(340)] could not read dos header from C:\WINDOWS\System32\KERNELBASE.dll
[1223/101938.077:ERROR:process_memory_win.cc(73)] ReadMemory at 0x7ff8b4000000 of 64 bytes failed: Only part of a ReadProcessMemory or WriteProcessMemory request was completed. (0x12B)
[1223/101938.077:WARNING:pe_image_reader.cc(340)] could not read dos header from C:\Program Files (x86)\Google\Chrome\Application\87.0.4280.88\chrome_elf.dll
[1223/101938.077:ERROR:process_memory_win.cc(73)] ReadMemory at 0x7ff8c5b40000 of 64 bytes failed: Only part of a ReadProcessMemory or WriteProcessMemory request was completed. (0x12B)
[1223/101938.077:WARNING:pe_image_reader.cc(340)] could not read dos header from C:\WINDOWS\SYSTEM32\VERSION.dll
[1223/101938.077:ERROR:process_memory_win.cc(73)] ReadMemory at 0x7ff8d4970000 of 64 bytes failed: Only part of a ReadProcessMemory or WriteProcessMemory request was completed. (0x12B)
[1223/101938.077:WARNING:pe_image_reader.cc(340)] could not read dos header from C:\WINDOWS\System32\msvcrt.dll
[1223/101938.077:ERROR:process_memory_win.cc(73)] ReadMemory at 0x7ff8d2d40000 of 64 bytes failed: Only part of a ReadProcessMemory or WriteProcessMemory request was completed. (0x12B)
[1223/101938.077:WARNING:pe_image_reader.cc(340)] could not read dos header from C:\WINDOWS\System32\bcryptPrimitives.dll
[1223/101938.078:ERROR:process_memory_win.cc(73)] ReadMemory at 0x7ff8d3220000 of 64 bytes failed: Only part of a ReadProcessMemory or WriteProcessMemory request was completed. (0x12B)
[1223/101938.078:WARNING:pe_image_reader.cc(340)] could not read dos header from C:\WINDOWS\System32\ADVAPI32.dll
[1223/101938.078:ERROR:process_memory_win.cc(73)] ReadMemory at 0x7ff8d4030000 of 64 bytes failed: Only part of a ReadProcessMemory or WriteProcessMemory request was completed. (0x12B)
[1223/101938.078:WARNING:pe_image_reader.cc(340)] could not read dos header from C:\WINDOWS\System32\sechost.dll
[1223/101938.078:ERROR:process_memory_win.cc(73)] ReadMemory at 0x7ff8d4740000 of 64 bytes failed: Only part of a ReadProcessMemory or WriteProcessMemory request was completed. (0x12B)
[1223/101938.078:WARNING:pe_image_reader.cc(340)] could not read dos header from C:\WINDOWS\System32\RPCRT4.dll
[1223/101938.078:ERROR:process_memory_win.cc(73)] ReadMemory at 0x7ff86a7d0000 of 64 bytes failed: Only part of a ReadProcessMemory or WriteProcessMemory request was completed. (0x12B)
[1223/101938.078:WARNING:pe_image_reader.cc(340)] could not read dos header from C:\Program Files (x86)\Google\Chrome\Application\87.0.4280.88\chrome.dll
[1223/101938.078:ERROR:process_memory_win.cc(73)] ReadMemory at 0x7ff8d3e60000 of 64 bytes failed: Only part of a ReadProcessMemory or WriteProcessMemory request was completed. (0x12B)
[1223/101938.078:WARNING:pe_image_reader.cc(340)] could not read dos header from C:\WINDOWS\System32\WS2_32.dll
[1223/101938.078:ERROR:process_memory_win.cc(73)] ReadMemory at 0x18e623e0000 of 64 bytes failed: Only part of a ReadProcessMemory or WriteProcessMemory request was completed. (0x12B)
[1223/101938.078:WARNING:pe_image_reader.cc(340)] could not read dos header from C:\WINDOWS\System32\OLEAUT32.dll
[1223/101938.078:ERROR:process_memory_win.cc(73)] ReadMemory at 0x7ff8d2220000 of 64 bytes failed: Only part of a ReadProcessMemory or WriteProcessMemory request was completed. (0x12B)
[1223/101938.078:WARNING:pe_image_reader.cc(340)] could not read dos header from C:\WINDOWS\System32\msvcp_win.dll
[1223/101938.078:ERROR:process_memory_win.cc(73)] ReadMemory at 0x7ff8d2a60000 of 64 bytes failed: Only part of a ReadProcessMemory or WriteProcessMemory request was completed. (0x12B)
[1223/101938.078:WARNING:pe_image_reader.cc(340)] could not read dos header from C:\WINDOWS\System32\ucrtbase.dll
[1223/101938.078:ERROR:process_memory_win.cc(73)] ReadMemory at 0x7ff8d39e0000 of 64 bytes failed: Only part of a ReadProcessMemory or WriteProcessMemory request was completed. (0x12B)
[1223/101938.078:WARNING:pe_image_reader.cc(340)] could not read dos header from C:\WINDOWS\System32\combase.dll
[1223/101938.078:ERROR:process_memory_win.cc(73)] ReadMemory at 0x7ff8d2ce0000 of 64 bytes failed: Only part of a ReadProcessMemory or WriteProcessMemory request was completed. (0x12B)
[1223/101938.078:WARNING:pe_image_reader.cc(340)] could not read dos header from C:\WINDOWS\System32\WINTRUST.dll
[1223/101938.078:ERROR:process_memory_win.cc(73)] ReadMemory at 0x7ff8d1e50000 of 64 bytes failed: Only part of a ReadProcessMemory or WriteProcessMemory request was completed. (0x12B)
[1223/101938.078:WARNING:pe_image_reader.cc(340)] could not read dos header from C:\WINDOWS\System32\MSASN1.dll
[1223/101938.078:ERROR:process_memory_win.cc(73)] ReadMemory at 0x7ff8d2b60000 of 64 bytes failed: Only part of a ReadProcessMemory or WriteProcessMemory request was completed. (0x12B)
[1223/101938.078:WARNING:pe_image_reader.cc(340)] could not read dos header from C:\WINDOWS\System32\CRYPT32.dll
[1223/101938.078:ERROR:process_memory_win.cc(73)] ReadMemory at 0x7ff8d06b0000 of 64 bytes failed: Only part of a ReadProcessMemory or WriteProcessMemory request was completed. (0x12B)
[1223/101938.078:WARNING:pe_image_reader.cc(340)] could not read dos header from C:\WINDOWS\SYSTEM32\dbghelp.dll
[1223/101938.078:ERROR:process_memory_win.cc(73)] ReadMemory at 0x7ff8d1330000 of 64 bytes failed: Only part of a ReadProcessMemory or WriteProcessMemory request was completed. (0x12B)
[1223/101938.078:WARNING:pe_image_reader.cc(340)] could not read dos header from C:\WINDOWS\SYSTEM32\IPHLPAPI.DLL
[1223/101938.078:ERROR:process_memory_win.cc(73)] ReadMemory at 0x7ff8cf4a0000 of 64 bytes failed: Only part of a ReadProcessMemory or WriteProcessMemory request was completed. (0x12B)
[1223/101938.078:WARNING:pe_image_reader.cc(340)] could not read dos header from C:\WINDOWS\SYSTEM32\WINMM.dll
[1223/101938.078:ERROR:process_memory_win.cc(73)] ReadMemory at 0x7ff8acaf0000 of 64 bytes failed: Only part of a ReadProcessMemory or WriteProcessMemory request was completed. (0x12B)
[1223/101938.078:WARNING:pe_image_reader.cc(340)] could not read dos header from C:\WINDOWS\SYSTEM32\UIAutomationCore.DLL
[1223/101938.078:ERROR:process_memory_win.cc(73)] ReadMemory at 0x7ff8c3370000 of 64 bytes failed: Only part of a ReadProcessMemory or WriteProcessMemory request was completed. (0x12B)
[1223/101938.078:WARNING:pe_image_reader.cc(340)] could not read dos header from C:\WINDOWS\SYSTEM32\Secur32.dll
[1223/101938.078:ERROR:process_memory_win.cc(73)] ReadMemory at 0x7ff8d1ca0000 of 64 bytes failed: Only part of a ReadProcessMemory or WriteProcessMemory request was completed. (0x12B)
[1223/101938.078:WARNING:pe_image_reader.cc(340)] could not read dos header from C:\WINDOWS\SYSTEM32\USERENV.dll
[1223/101938.078:ERROR:process_memory_win.cc(73)] ReadMemory at 0x7ff8d1e30000 of 64 bytes failed: Only part of a ReadProcessMemory or WriteProcessMemory request was completed. (0x12B)
[1223/101938.078:WARNING:pe_image_reader.cc(340)] could not read dos header from C:\WINDOWS\System32\profapi.dll
[1223/101938.078:ERROR:process_memory_win.cc(73)] ReadMemory at 0x7ff8b33f0000 of 64 bytes failed: Only part of a ReadProcessMemory or WriteProcessMemory request was completed. (0x12B)
[1223/101938.078:WARNING:pe_image_reader.cc(340)] could not read dos header from C:\WINDOWS\SYSTEM32\DWrite.dll
[1223/101938.078:ERROR:process_memory_win.cc(73)] ReadMemory at 0x7ff8c26b0000 of 64 bytes failed: Only part of a ReadProcessMemory or WriteProcessMemory request was completed. (0x12B)
[1223/101938.078:WARNING:pe_image_reader.cc(340)] could not read dos header from C:\WINDOWS\SYSTEM32\WINSPOOL.DRV
[1223/101938.078:ERROR:process_memory_win.cc(73)] ReadMemory at 0x7ff8d1dc0000 of 64 bytes failed: Only part of a ReadProcessMemory or WriteProcessMemory request was completed. (0x12B)
[1223/101938.078:WARNING:pe_image_reader.cc(340)] could not read dos header from C:\WINDOWS\System32\kernel.appcore.dll
[1223/101938.078:ERROR:process_memory_win.cc(73)] ReadMemory at 0x7ff8d2cb0000 of 64 bytes failed: Only part of a ReadProcessMemory or WriteProcessMemory request was completed. (0x12B)
[1223/101938.078:WARNING:pe_image_reader.cc(340)] could not read dos header from C:\WINDOWS\System32\bcrypt.dll
[1223/101938.078:ERROR:process_memory_win.cc(73)] ReadMemory at 0x7ff8cc9d0000 of 64 bytes failed: Only part of a ReadProcessMemory or WriteProcessMemory request was completed. (0x12B)
[1223/101938.078:WARNING:pe_image_reader.cc(340)] could not read dos header from C:\WINDOWS\SYSTEM32\WINHTTP.dll
[1223/101938.078:ERROR:process_memory_win.cc(73)] ReadMemory at 0x7ff8ca820000 of 64 bytes failed: Only part of a ReadProcessMemory or WriteProcessMemory request was completed. (0x12B)
[1223/101938.078:WARNING:pe_image_reader.cc(340)] could not read dos header from C:\WINDOWS\SYSTEM32\dhcpcsvc.DLL
[1223/101938.078:ERROR:process_memory_win.cc(73)] ReadMemory at 0x7ff8d2f90000 of 64 bytes failed: Only part of a ReadProcessMemory or WriteProcessMemory request was completed. (0x12B)
[1223/101938.078:WARNING:pe_image_reader.cc(340)] could not read dos header from C:\WINDOWS\System32\NSI.dll
[1223/101938.078:ERROR:process_memory_win.cc(73)] ReadMemory at 0x7ff8cf470000 of 64 bytes failed: Only part of a ReadProcessMemory or WriteProcessMemory request was completed. (0x12B)
[1223/101938.078:WARNING:pe_image_reader.cc(340)] could not read dos header from C:\WINDOWS\SYSTEM32\WINMMBASE.dll
[1223/101938.078:ERROR:process_memory_win.cc(73)] ReadMemory at 0x7ff8d1e70000 of 64 bytes failed: Only part of a ReadProcessMemory or WriteProcessMemory request was completed. (0x12B)
[1223/101938.078:WARNING:pe_image_reader.cc(340)] could not read dos header from C:\WINDOWS\System32\cfgmgr32.dll
[1223/101938.078:ERROR:process_memory_win.cc(73)] ReadMemory at 0x7ff8ce360000 of 64 bytes failed: Only part of a ReadProcessMemory or WriteProcessMemory request was completed. (0x12B)
[1223/101938.078:WARNING:pe_image_reader.cc(340)] could not read dos header from C:\WINDOWS\SYSTEM32\PROPSYS.dll
[1223/101938.078:ERROR:process_memory_win.cc(73)] ReadMemory at 0x7ff8d4cc0000 of 64 bytes failed: Only part of a ReadProcessMemory or WriteProcessMemory request was completed. (0x12B)
[1223/101938.078:WARNING:pe_image_reader.cc(340)] could not read dos header from C:\WINDOWS\System32\shcore.dll
[1223/101938.078:ERROR:process_memory_win.cc(73)] ReadMemory at 0x7ff8d1cd0000 of 64 bytes failed: Only part of a ReadProcessMemory or WriteProcessMemory request was completed. (0x12B)
[1223/101938.078:WARNING:pe_image_reader.cc(340)] could not read dos header from C:\WINDOWS\SYSTEM32\SSPICLI.DLL
[1223/101938.078:ERROR:process_memory_win.cc(73)] ReadMemory at 0x7ff8d17f0000 of 64 bytes failed: Only part of a ReadProcessMemory or WriteProcessMemory request was completed. (0x12B)
[1223/101938.078:WARNING:pe_image_reader.cc(340)] could not read dos header from C:\WINDOWS\SYSTEM32\CRYPTBASE.DLL
[1223/101938.078:ERROR:process_memory_win.cc(73)] ReadMemory at 0x7ff62f820000 of 64 bytes failed: Only part of a ReadProcessMemory or WriteProcessMemory request was completed. (0x12B)
[1223/101938.078:WARNING:pe_image_reader.cc(340)] could not read dos header from C:\Program Files (x86)\Google\Chrome\Application\chrome.exe
[1223/101938.078:ERROR:process_memory_win.cc(73)] ReadMemory at 0x7ff8d4ee0000 of 64 bytes failed: Only part of a ReadProcessMemory or WriteProcessMemory request was completed. (0x12B)
[1223/101938.078:WARNING:pe_image_reader.cc(340)] could not read dos header from C:\WINDOWS\SYSTEM32\ntdll.dll
[1223/101938.078:ERROR:process_memory_win.cc(73)] ReadMemory at 0x7ff8d4140000 of 64 bytes failed: Only part of a ReadProcessMemory or WriteProcessMemory request was completed. (0x12B)
[1223/101938.078:WARNING:pe_image_reader.cc(340)] could not read dos header from C:\WINDOWS\System32\KERNEL32.DLL
[1223/101938.078:ERROR:process_memory_win.cc(73)] ReadMemory at 0x7ff8d1ec0000 of 64 bytes failed: Only part of a ReadProcessMemory or WriteProcessMemory request was completed. (0x12B)
[1223/101938.078:WARNING:pe_image_reader.cc(340)] could not read dos header from C:\WINDOWS\System32\KERNELBASE.dll
[1223/101938.078:ERROR:process_memory_win.cc(73)] ReadMemory at 0x7ff8b4000000 of 64 bytes failed: Only part of a ReadProcessMemory or WriteProcessMemory request was completed. (0x12B)
[1223/101938.078:WARNING:pe_image_reader.cc(340)] could not read dos header from C:\Program Files (x86)\Google\Chrome\Application\87.0.4280.88\chrome_elf.dll
[1223/101938.078:ERROR:process_memory_win.cc(73)] ReadMemory at 0x7ff8c5b40000 of 64 bytes failed: Only part of a ReadProcessMemory or WriteProcessMemory request was completed. (0x12B)
[1223/101938.078:WARNING:pe_image_reader.cc(340)] could not read dos header from C:\WINDOWS\SYSTEM32\VERSION.dll
[1223/101938.078:ERROR:process_memory_win.cc(73)] ReadMemory at 0x7ff8d4970000 of 64 bytes failed: Only part of a ReadProcessMemory or WriteProcessMemory request was completed. (0x12B)
[1223/101938.078:WARNING:pe_image_reader.cc(340)] could not read dos header from C:\WINDOWS\System32\msvcrt.dll
[1223/101938.078:ERROR:process_memory_win.cc(73)] ReadMemory at 0x7ff8d2d40000 of 64 bytes failed: Only part of a ReadProcessMemory or WriteProcessMemory request was completed. (0x12B)
[1223/101938.078:WARNING:pe_image_reader.cc(340)] could not read dos header from C:\WINDOWS\System32\bcryptPrimitives.dll
[1223/101938.078:ERROR:process_memory_win.cc(73)] ReadMemory at 0x7ff8d3220000 of 64 bytes failed: Only part of a ReadProcessMemory or WriteProcessMemory request was completed. (0x12B)
[1223/101938.078:WARNING:pe_image_reader.cc(340)] could not read dos header from C:\WINDOWS\System32\ADVAPI32.dll
[1223/101938.078:ERROR:process_memory_win.cc(73)] ReadMemory at 0x7ff8d4030000 of 64 bytes failed: Only part of a ReadProcessMemory or WriteProcessMemory request was completed. (0x12B)
[1223/101938.078:WARNING:pe_image_reader.cc(340)] could not read dos header from C:\WINDOWS\System32\sechost.dll
[1223/101938.078:ERROR:process_memory_win.cc(73)] ReadMemory at 0x7ff8d4740000 of 64 bytes failed: Only part of a ReadProcessMemory or WriteProcessMemory request was completed. (0x12B)
[1223/101938.078:WARNING:pe_image_reader.cc(340)] could not read dos header from C:\WINDOWS\System32\RPCRT4.dll
[1223/101938.078:ERROR:process_memory_win.cc(73)] ReadMemory at 0x7ff86a7d0000 of 64 bytes failed: Only part of a ReadProcessMemory or WriteProcessMemory request was completed. (0x12B)
[1223/101938.078:WARNING:pe_image_reader.cc(340)] could not read dos header from C:\Program Files (x86)\Google\Chrome\Application\87.0.4280.88\chrome.dll
[1223/101938.078:ERROR:process_memory_win.cc(73)] ReadMemory at 0x7ff8d3e60000 of 64 bytes failed: Only part of a ReadProcessMemory or WriteProcessMemory request was completed. (0x12B)
[1223/101938.078:WARNING:pe_image_reader.cc(340)] could not read dos header from C:\WINDOWS\System32\WS2_32.dll
[1223/101938.078:ERROR:process_memory_win.cc(73)] ReadMemory at 0x18e623e0000 of 64 bytes failed: Only part of a ReadProcessMemory or WriteProcessMemory request was completed. (0x12B)
[1223/101938.078:WARNING:pe_image_reader.cc(340)] could not read dos header from C:\WINDOWS\System32\OLEAUT32.dll
[1223/101938.078:ERROR:process_memory_win.cc(73)] ReadMemory at 0x7ff8d2220000 of 64 bytes failed: Only part of a ReadProcessMemory or WriteProcessMemory request was completed. (0x12B)
[1223/101938.078:WARNING:pe_image_reader.cc(340)] could not read dos header from C:\WINDOWS\System32\msvcp_win.dll
[1223/101938.078:ERROR:process_memory_win.cc(73)] ReadMemory at 0x7ff8d2a60000 of 64 bytes failed: Only part of a ReadProcessMemory or WriteProcessMemory request was completed. (0x12B)
[1223/101938.078:WARNING:pe_image_reader.cc(340)] could not read dos header from C:\WINDOWS\System32\ucrtbase.dll
[1223/101938.078:ERROR:process_memory_win.cc(73)] ReadMemory at 0x7ff8d39e0000 of 64 bytes failed: Only part of a ReadProcessMemory or WriteProcessMemory request was completed. (0x12B)
[1223/101938.078:WARNING:pe_image_reader.cc(340)] could not read dos header from C:\WINDOWS\System32\combase.dll
[1223/101938.078:ERROR:process_memory_win.cc(73)] ReadMemory at 0x7ff8d2ce0000 of 64 bytes failed: Only part of a ReadProcessMemory or WriteProcessMemory request was completed. (0x12B)
[1223/101938.078:WARNING:pe_image_reader.cc(340)] could not read dos header from C:\WINDOWS\System32\WINTRUST.dll
[1223/101938.078:ERROR:process_memory_win.cc(73)] ReadMemory at 0x7ff8d1e50000 of 64 bytes failed: Only part of a ReadProcessMemory or WriteProcessMemory request was completed. (0x12B)
[1223/101938.078:WARNING:pe_image_reader.cc(340)] could not read dos header from C:\WINDOWS\System32\MSASN1.dll
[1223/101938.078:ERROR:process_memory_win.cc(73)] ReadMemory at 0x7ff8d2b60000 of 64 bytes failed: Only part of a ReadProcessMemory or WriteProcessMemory request was completed. (0x12B)
[1223/101938.078:WARNING:pe_image_reader.cc(340)] could not read dos header from C:\WINDOWS\System32\CRYPT32.dll
[1223/101938.078:ERROR:process_memory_win.cc(73)] ReadMemory at 0x7ff8d06b0000 of 64 bytes failed: Only part of a ReadProcessMemory or WriteProcessMemory request was completed. (0x12B)
[1223/101938.078:WARNING:pe_image_reader.cc(340)] could not read dos header from C:\WINDOWS\SYSTEM32\dbghelp.dll
[1223/101938.078:ERROR:process_memory_win.cc(73)] ReadMemory at 0x7ff8d1330000 of 64 bytes failed: Only part of a ReadProcessMemory or WriteProcessMemory request was completed. (0x12B)
[1223/101938.078:WARNING:pe_image_reader.cc(340)] could not read dos header from C:\WINDOWS\SYSTEM32\IPHLPAPI.DLL
[1223/101938.078:ERROR:process_memory_win.cc(73)] ReadMemory at 0x7ff8cf4a0000 of 64 bytes failed: Only part of a ReadProcessMemory or WriteProcessMemory request was completed. (0x12B)
[1223/101938.078:WARNING:pe_image_reader.cc(340)] could not read dos header from C:\WINDOWS\SYSTEM32\WINMM.dll
[1223/101938.078:ERROR:process_memory_win.cc(73)] ReadMemory at 0x7ff8acaf0000 of 64 bytes failed: Only part of a ReadProcessMemory or WriteProcessMemory request was completed. (0x12B)
[1223/101938.078:WARNING:pe_image_reader.cc(340)] could not read dos header from C:\WINDOWS\SYSTEM32\UIAutomationCore.DLL
[1223/101938.078:ERROR:process_memory_win.cc(73)] ReadMemory at 0x7ff8c3370000 of 64 bytes failed: Only part of a ReadProcessMemory or WriteProcessMemory request was completed. (0x12B)
[1223/101938.078:WARNING:pe_image_reader.cc(340)] could not read dos header from C:\WINDOWS\SYSTEM32\Secur32.dll
[1223/101938.078:ERROR:process_memory_win.cc(73)] ReadMemory at 0x7ff8d1ca0000 of 64 bytes failed: Only part of a ReadProcessMemory or WriteProcessMemory request was completed. (0x12B)
[1223/101938.078:WARNING:pe_image_reader.cc(340)] could not read dos header from C:\WINDOWS\SYSTEM32\USERENV.dll
[1223/101938.078:ERROR:process_memory_win.cc(73)] ReadMemory at 0x7ff8d1e30000 of 64 bytes failed: Only part of a ReadProcessMemory or WriteProcessMemory request was completed. (0x12B)
[1223/101938.078:WARNING:pe_image_reader.cc(340)] could not read dos header from C:\WINDOWS\System32\profapi.dll
[1223/101938.078:ERROR:process_memory_win.cc(73)] ReadMemory at 0x7ff8b33f0000 of 64 bytes failed: Only part of a ReadProcessMemory or WriteProcessMemory request was completed. (0x12B)
[1223/101938.078:WARNING:pe_image_reader.cc(340)] could not read dos header from C:\WINDOWS\SYSTEM32\DWrite.dll
[1223/101938.078:ERROR:process_memory_win.cc(73)] ReadMemory at 0x7ff8c26b0000 of 64 bytes failed: Only part of a ReadProcessMemory or WriteProcessMemory request was completed. (0x12B)
[1223/101938.078:WARNING:pe_image_reader.cc(340)] could not read dos header from C:\WINDOWS\SYSTEM32\WINSPOOL.DRV
[1223/101938.078:ERROR:process_memory_win.cc(73)] ReadMemory at 0x7ff8d1dc0000 of 64 bytes failed: Only part of a ReadProcessMemory or WriteProcessMemory request was completed. (0x12B)
[1223/101938.078:WARNING:pe_image_reader.cc(340)] could not read dos header from C:\WINDOWS\System32\kernel.appcore.dll
[1223/101938.078:ERROR:process_memory_win.cc(73)] ReadMemory at 0x7ff8d2cb0000 of 64 bytes failed: Only part of a ReadProcessMemory or WriteProcessMemory request was completed. (0x12B)
[1223/101938.078:WARNING:pe_image_reader.cc(340)] could not read dos header from C:\WINDOWS\System32\bcrypt.dll
[1223/101938.078:ERROR:process_memory_win.cc(73)] ReadMemory at 0x7ff8cc9d0000 of 64 bytes failed: Only part of a ReadProcessMemory or WriteProcessMemory request was completed. (0x12B)
[1223/101938.078:WARNING:pe_image_reader.cc(340)] could not read dos header from C:\WINDOWS\SYSTEM32\WINHTTP.dll
[1223/101938.078:ERROR:process_memory_win.cc(73)] ReadMemory at 0x7ff8ca820000 of 64 bytes failed: Only part of a ReadProcessMemory or WriteProcessMemory request was completed. (0x12B)
[1223/101938.078:WARNING:pe_image_reader.cc(340)] could not read dos header from C:\WINDOWS\SYSTEM32\dhcpcsvc.DLL
[1223/101938.078:ERROR:process_memory_win.cc(73)] ReadMemory at 0x7ff8d2f90000 of 64 bytes failed: Only part of a ReadProcessMemory or WriteProcessMemory request was completed. (0x12B)
[1223/101938.078:WARNING:pe_image_reader.cc(340)] could not read dos header from C:\WINDOWS\System32\NSI.dll
[1223/101938.078:ERROR:process_memory_win.cc(73)] ReadMemory at 0x7ff8cf470000 of 64 bytes failed: Only part of a ReadProcessMemory or WriteProcessMemory request was completed. (0x12B)
[1223/101938.078:WARNING:pe_image_reader.cc(340)] could not read dos header from C:\WINDOWS\SYSTEM32\WINMMBASE.dll
[1223/101938.078:ERROR:process_memory_win.cc(73)] ReadMemory at 0x7ff8d1e70000 of 64 bytes failed: Only part of a ReadProcessMemory or WriteProcessMemory request was completed. (0x12B)
[1223/101938.078:WARNING:pe_image_reader.cc(340)] could not read dos header from C:\WINDOWS\System32\cfgmgr32.dll
[1223/101938.078:ERROR:process_memory_win.cc(73)] ReadMemory at 0x7ff8ce360000 of 64 bytes failed: Only part of a ReadProcessMemory or WriteProcessMemory request was completed. (0x12B)
[1223/101938.082:WARNING:pe_image_reader.cc(340)] could not read dos header from C:\WINDOWS\SYSTEM32\PROPSYS.dll
[1223/101938.082:ERROR:process_memory_win.cc(73)] ReadMemory at 0x7ff8d4cc0000 of 64 bytes failed: Only part of a ReadProcessMemory or WriteProcessMemory request was completed. (0x12B)
[1223/101938.082:WARNING:pe_image_reader.cc(340)] could not read dos header from C:\WINDOWS\System32\shcore.dll
[1223/101938.082:ERROR:process_memory_win.cc(73)] ReadMemory at 0x7ff8d1cd0000 of 64 bytes failed: Only part of a ReadProcessMemory or WriteProcessMemory request was completed. (0x12B)
[1223/101938.082:WARNING:pe_image_reader.cc(340)] could not read dos header from C:\WINDOWS\SYSTEM32\SSPICLI.DLL
[1223/101938.082:ERROR:process_memory_win.cc(73)] ReadMemory at 0x7ff8d17f0000 of 64 bytes failed: Only part of a ReadProcessMemory or WriteProcessMemory request was completed. (0x12B)
[1223/101938.082:WARNING:pe_image_reader.cc(340)] could not read dos header from C:\WINDOWS\SYSTEM32\CRYPTBASE.DLL
[1223/101938.089:ERROR:process_memory_win.cc(73)] ReadMemory at 0x516b5ee000 of 73728 bytes failed: Only part of a ReadProcessMemory or WriteProcessMemory request was completed. (0x12B)
[1223/101938.089:ERROR:process_memory_win.cc(73)] ReadMemory at 0x516bdfe000 of 8192 bytes failed: Only part of a ReadProcessMemory or WriteProcessMemory request was completed. (0x12B)
[1223/101938.089:ERROR:process_memory_win.cc(73)] ReadMemory at 0x516c5fc000 of 16384 bytes failed: Only part of a ReadProcessMemory or WriteProcessMemory request was completed. (0x12B)
[1223/101938.089:ERROR:process_memory_win.cc(73)] ReadMemory at 0x516cdfe000 of 8192 bytes failed: Only part of a ReadProcessMemory or WriteProcessMemory request was completed. (0x12B)
[1223/101938.089:ERROR:process_memory_win.cc(73)] ReadMemory at 0x516d5fb000 of 20480 bytes failed: Only part of a ReadProcessMemory or WriteProcessMemory request was completed. (0x12B)
[1223/101938.089:ERROR:process_memory_win.cc(73)] ReadMemory at 0x516ddfe000 of 8192 bytes failed: Only part of a ReadProcessMemory or WriteProcessMemory request was completed. (0x12B)
[1223/101938.092:ERROR:process_memory_win.cc(73)] ReadMemory at 0x516e5fc000 of 16384 bytes failed: Only part of a ReadProcessMemory or WriteProcessMemory request was completed. (0x12B)
[1223/101938.092:ERROR:process_memory_win.cc(73)] ReadMemory at 0x516edfe000 of 8192 bytes failed: Only part of a ReadProcessMemory or WriteProcessMemory request was completed. (0x12B)
[1223/101938.092:ERROR:process_memory_win.cc(73)] ReadMemory at 0x516f5fd000 of 12288 bytes failed: Only part of a ReadProcessMemory or WriteProcessMemory request was completed. (0x12B)
[1223/101938.092:ERROR:process_memory_win.cc(73)] ReadMemory at 0x516fdfe000 of 8192 bytes failed: Only part of a ReadProcessMemory or WriteProcessMemory request was completed. (0x12B)
[1223/101938.092:ERROR:process_memory_win.cc(73)] ReadMemory at 0x51705fb000 of 20480 bytes failed: Only part of a ReadProcessMemory or WriteProcessMemory request was completed. (0x12B)
[1223/101938.092:ERROR:process_memory_win.cc(73)] ReadMemory at 0x5170dfd000 of 12288 bytes failed: Only part of a ReadProcessMemory or WriteProcessMemory request was completed. (0x12B)
[1223/101938.092:ERROR:process_memory_win.cc(73)] ReadMemory at 0x51715fd000 of 12288 bytes failed: Only part of a ReadProcessMemory or WriteProcessMemory request was completed. (0x12B)
[1223/101938.092:ERROR:process_memory_win.cc(73)] ReadMemory at 0x5171dfe000 of 8192 bytes failed: Only part of a ReadProcessMemory or WriteProcessMemory request was completed. (0x12B)
[1223/101938.092:ERROR:process_memory_win.cc(73)] ReadMemory at 0x51725fe000 of 8192 bytes failed: Only part of a ReadProcessMemory or WriteProcessMemory request was completed. (0x12B)
[1223/101938.092:ERROR:process_memory_win.cc(73)] ReadMemory at 0x5172dfe000 of 8192 bytes failed: Only part of a ReadProcessMemory or WriteProcessMemory request was completed. (0x12B)
[1223/101938.092:ERROR:process_memory_win.cc(73)] ReadMemory at 0x5173dfe000 of 8192 bytes failed: Only part of a ReadProcessMemory or WriteProcessMemory request was completed. (0x12B)
[1223/101938.092:ERROR:process_memory_win.cc(73)] ReadMemory at 0x516ac56000 of 852 bytes failed: Only part of a ReadProcessMemory or WriteProcessMemory request was completed. (0x12B)
[1223/101938.093:ERROR:process_memory_win.cc(73)] ReadMemory at 0x516ac57000 of 6024 bytes failed: Only part of a ReadProcessMemory or WriteProcessMemory request was completed. (0x12B)
[1223/101938.093:ERROR:process_memory_win.cc(73)] ReadMemory at 0x516ac59000 of 6024 bytes failed: Only part of a ReadProcessMemory or WriteProcessMemory request was completed. (0x12B)
[1223/101938.093:ERROR:process_memory_win.cc(73)] ReadMemory at 0x516ac5b000 of 6024 bytes failed: Only part of a ReadProcessMemory or WriteProcessMemory request was completed. (0x12B)
[1223/101938.093:ERROR:process_memory_win.cc(73)] ReadMemory at 0x516ac5d000 of 6024 bytes failed: Only part of a ReadProcessMemory or WriteProcessMemory request was completed. (0x12B)
[1223/101938.093:ERROR:process_memory_win.cc(73)] ReadMemory at 0x516ac5f000 of 6024 bytes failed: Only part of a ReadProcessMemory or WriteProcessMemory request was completed. (0x12B)
[1223/101938.093:ERROR:process_memory_win.cc(73)] ReadMemory at 0x516ac61000 of 6024 bytes failed: Only part of a ReadProcessMemory or WriteProcessMemory request was completed. (0x12B)
[1223/101938.093:ERROR:process_memory_win.cc(73)] ReadMemory at 0x516ac63000 of 6024 bytes failed: Only part of a ReadProcessMemory or WriteProcessMemory request was completed. (0x12B)
[1223/101938.093:ERROR:process_memory_win.cc(73)] ReadMemory at 0x516ac65000 of 6024 bytes failed: Only part of a ReadProcessMemory or WriteProcessMemory request was completed. (0x12B)
[1223/101938.093:ERROR:process_memory_win.cc(73)] ReadMemory at 0x516ac67000 of 6024 bytes failed: Only part of a ReadProcessMemory or WriteProcessMemory request was completed. (0x12B)
[1223/101938.093:ERROR:process_memory_win.cc(73)] ReadMemory at 0x516ac69000 of 6024 bytes failed: Only part of a ReadProcessMemory or WriteProcessMemory request was completed. (0x12B)
[1223/101938.093:ERROR:process_memory_win.cc(73)] ReadMemory at 0x516ac6b000 of 6024 bytes failed: Only part of a ReadProcessMemory or WriteProcessMemory request was completed. (0x12B)
[1223/101938.093:ERROR:process_memory_win.cc(73)] ReadMemory at 0x516ac6d000 of 6024 bytes failed: Only part of a ReadProcessMemory or WriteProcessMemory request was completed. (0x12B)
[1223/101938.093:ERROR:process_memory_win.cc(73)] ReadMemory at 0x516ac6f000 of 6024 bytes failed: Only part of a ReadProcessMemory or WriteProcessMemory request was completed. (0x12B)
[1223/101938.093:ERROR:process_memory_win.cc(73)] ReadMemory at 0x516ac71000 of 6024 bytes failed: Only part of a ReadProcessMemory or WriteProcessMemory request was completed. (0x12B)
[1223/101938.093:ERROR:process_memory_win.cc(73)] ReadMemory at 0x516ac73000 of 6024 bytes failed: Only part of a ReadProcessMemory or WriteProcessMemory request was completed. (0x12B)
[1223/101938.093:ERROR:process_memory_win.cc(73)] ReadMemory at 0x516ac75000 of 6024 bytes failed: Only part of a ReadProcessMemory or WriteProcessMemory request was completed. (0x12B)
[1223/101938.094:ERROR:process_memory_win.cc(73)] ReadMemory at 0x516ac79000 of 6024 bytes failed: Only part of a ReadProcessMemory or WriteProcessMemory request was completed. (0x12B)
[1223/101938.094:ERROR:process_memory_win.cc(73)] ReadMemory at 0x18e62191000 of 512 bytes failed: Only part of a ReadProcessMemory or WriteProcessMemory request was completed. (0x12B)
[1223/101938.094:ERROR:process_memory_win.cc(73)] ReadMemory at 0x18e62192500 of 512 bytes failed: Only part of a ReadProcessMemory or WriteProcessMemory request was completed. (0x12B)
[1223/101938.094:ERROR:process_memory_win.cc(73)] ReadMemory at 0x18e622e0000 of 384 bytes failed: Only part of a ReadProcessMemory or WriteProcessMemory request was completed. (0x12B)
[1223/101938.094:ERROR:process_memory_win.cc(73)] ReadMemory at 0x18e622e0fe0 of 5484 bytes failed: Only part of a ReadProcessMemory or WriteProcessMemory request was completed. (0x12B)
[1223/101938.094:ERROR:process_memory_win.cc(73)] ReadMemory at 0x18e622e2560 of 1012 bytes failed: Only part of a ReadProcessMemory or WriteProcessMemory request was completed. (0x12B)
[1223/101938.094:ERROR:process_memory_win.cc(73)] ReadMemory at 0x18e622e2ba8 of 118 bytes failed: Only part of a ReadProcessMemory or WriteProcessMemory request was completed. (0x12B)
[1223/101938.094:ERROR:process_memory_win.cc(73)] ReadMemory at 0x18e622e2c20 of 714 bytes failed: Only part of a ReadProcessMemory or WriteProcessMemory request was completed. (0x12B)
[1223/101938.094:ERROR:process_memory_win.cc(73)] ReadMemory at 0x18e622e2eec of 118 bytes failed: Only part of a ReadProcessMemory or WriteProcessMemory request was completed. (0x12B)
[1223/101938.094:ERROR:process_memory_win.cc(73)] ReadMemory at 0x18e622e2f64 of 100 bytes failed: Only part of a ReadProcessMemory or WriteProcessMemory request was completed. (0x12B)
[1223/101938.094:ERROR:process_memory_win.cc(73)] ReadMemory at 0x18e622e2fe0 of 58 bytes failed: Only part of a ReadProcessMemory or WriteProcessMemory request was completed. (0x12B)
[1223/101938.094:ERROR:process_memory_win.cc(73)] ReadMemory at 0x18e622e30e0 of 132 bytes failed: Only part of a ReadProcessMemory or WriteProcessMemory request was completed. (0x12B)
[1223/101938.094:ERROR:process_memory_win.cc(73)] ReadMemory at 0x18e622e3270 of 132 bytes failed: Only part of a ReadProcessMemory or WriteProcessMemory request was completed. (0x12B)
[1223/101938.094:ERROR:process_memory_win.cc(73)] ReadMemory at 0x18e622e3430 of 124 bytes failed: Only part of a ReadProcessMemory or WriteProcessMemory request was completed. (0x12B)
[1223/101938.094:ERROR:process_memory_win.cc(73)] ReadMemory at 0x18e622e3930 of 132 bytes failed: Only part of a ReadProcessMemory or WriteProcessMemory request was completed. (0x12B)
[1223/101938.094:ERROR:process_memory_win.cc(73)] ReadMemory at 0x18e622e3ac0 of 64 bytes failed: Only part of a ReadProcessMemory or WriteProcessMemory request was completed. (0x12B)
[1223/101938.094:ERROR:process_memory_win.cc(73)] ReadMemory at 0x18e622e3c80 of 132 bytes failed: Only part of a ReadProcessMemory or WriteProcessMemory request was completed. (0x12B)
[1223/101938.094:ERROR:process_memory_win.cc(73)] ReadMemory at 0x18e622e3f20 of 132 bytes failed: Only part of a ReadProcessMemory or WriteProcessMemory request was completed. (0x12B)
[1223/101938.094:ERROR:process_memory_win.cc(73)] ReadMemory at 0x18e622e40b0 of 68 bytes failed: Only part of a ReadProcessMemory or WriteProcessMemory request was completed. (0x12B)
[1223/101938.094:ERROR:process_memory_win.cc(73)] ReadMemory at 0x18e622e5160 of 132 bytes failed: Only part of a ReadProcessMemory or WriteProcessMemory request was completed. (0x12B)
[1223/101938.094:ERROR:process_memory_win.cc(73)] ReadMemory at 0x18e622e52f0 of 152 bytes failed: Only part of a ReadProcessMemory or WriteProcessMemory request was completed. (0x12B)
[1223/101938.094:ERROR:process_memory_win.cc(73)] ReadMemory at 0x18e622e6100 of 62 bytes failed: Only part of a ReadProcessMemory or WriteProcessMemory request was completed. (0x12B)
[1223/101938.094:ERROR:process_memory_win.cc(73)] ReadMemory at 0x18e622e6260 of 132 bytes failed: Only part of a ReadProcessMemory or WriteProcessMemory request was completed. (0x12B)
[1223/101938.094:ERROR:process_memory_win.cc(73)] ReadMemory at 0x18e622e63f0 of 60 bytes failed: Only part of a ReadProcessMemory or WriteProcessMemory request was completed. (0x12B)
[1223/101938.094:ERROR:process_memory_win.cc(73)] ReadMemory at 0x18e622ef030 of 54 bytes failed: Only part of a ReadProcessMemory or WriteProcessMemory request was completed. (0x12B)
[1223/101938.094:ERROR:process_memory_win.cc(73)] ReadMemory at 0x18e622f3a20 of 132 bytes failed: Only part of a ReadProcessMemory or WriteProcessMemory request was completed. (0x12B)
[1223/101938.094:ERROR:process_memory_win.cc(73)] ReadMemory at 0x18e622f4740 of 80 bytes failed: Only part of a ReadProcessMemory or WriteProcessMemory request was completed. (0x12B)
[1223/101938.094:ERROR:process_memory_win.cc(73)] ReadMemory at 0x18e622f48c0 of 80 bytes failed: Only part of a ReadProcessMemory or WriteProcessMemory request was completed. (0x12B)
[1223/101938.094:ERROR:process_memory_win.cc(73)] ReadMemory at 0x18e622f4920 of 76 bytes failed: Only part of a ReadProcessMemory or WriteProcessMemory request was completed. (0x12B)
[1223/101938.094:ERROR:process_memory_win.cc(73)] ReadMemory at 0x18e622f5280 of 132 bytes failed: Only part of a ReadProcessMemory or WriteProcessMemory request was completed. (0x12B)
[1223/101938.094:ERROR:process_memory_win.cc(73)] ReadMemory at 0x18e622f7740 of 144 bytes failed: Only part of a ReadProcessMemory or WriteProcessMemory request was completed. (0x12B)
[1223/101938.094:ERROR:process_memory_win.cc(73)] ReadMemory at 0x18e622f83e0 of 132 bytes failed: Only part of a ReadProcessMemory or WriteProcessMemory request was completed. (0x12B)
[1223/101938.094:ERROR:process_memory_win.cc(73)] ReadMemory at 0x18e622f8700 of 132 bytes failed: Only part of a ReadProcessMemory or WriteProcessMemory request was completed. (0x12B)
[1223/101938.094:ERROR:process_memory_win.cc(73)] ReadMemory at 0x18e622f8920 of 132 bytes failed: Only part of a ReadProcessMemory or WriteProcessMemory request was completed. (0x12B)
[1223/101938.094:ERROR:process_memory_win.cc(73)] ReadMemory at 0x18e622f8c70 of 132 bytes failed: Only part of a ReadProcessMemory or WriteProcessMemory request was completed. (0x12B)
[1223/101938.094:ERROR:process_memory_win.cc(73)] ReadMemory at 0x18e622f9220 of 132 bytes failed: Only part of a ReadProcessMemory or WriteProcessMemory request was completed. (0x12B)
[1223/101938.094:ERROR:process_memory_win.cc(73)] ReadMemory at 0x18e622fb180 of 132 bytes failed: Only part of a ReadProcessMemory or WriteProcessMemory request was completed. (0x12B)
[1223/101938.094:ERROR:process_memory_win.cc(73)] ReadMemory at 0x18e622fb4b0 of 64 bytes failed: Only part of a ReadProcessMemory or WriteProcessMemory request was completed. (0x12B)
[1223/101938.094:ERROR:process_memory_win.cc(73)] ReadMemory at 0x18e622fb550 of 64 bytes failed: Only part of a ReadProcessMemory or WriteProcessMemory request was completed. (0x12B)
[1223/101938.094:ERROR:process_memory_win.cc(73)] ReadMemory at 0x18e622fb5a0 of 62 bytes failed: Only part of a ReadProcessMemory or WriteProcessMemory request was completed. (0x12B)
[1223/101938.094:ERROR:process_memory_win.cc(73)] ReadMemory at 0x18e622fb690 of 60 bytes failed: Only part of a ReadProcessMemory or WriteProcessMemory request was completed. (0x12B)
[1223/101938.094:ERROR:process_memory_win.cc(73)] ReadMemory at 0x18e622fb6e0 of 62 bytes failed: Only part of a ReadProcessMemory or WriteProcessMemory request was completed. (0x12B)
[1223/101938.094:ERROR:process_memory_win.cc(73)] ReadMemory at 0x18e622fb730 of 60 bytes failed: Only part of a ReadProcessMemory or WriteProcessMemory request was completed. (0x12B)
[1223/101938.094:ERROR:process_memory_win.cc(73)] ReadMemory at 0x18e622fb780 of 62 bytes failed: Only part of a ReadProcessMemory or WriteProcessMemory request was completed. (0x12B)
[1223/101938.094:ERROR:process_memory_win.cc(73)] ReadMemory at 0x18e622fb870 of 64 bytes failed: Only part of a ReadProcessMemory or WriteProcessMemory request was completed. (0x12B)
[1223/101938.094:ERROR:process_memory_win.cc(73)] ReadMemory at 0x18e622fb8c0 of 60 bytes failed: Only part of a ReadProcessMemory or WriteProcessMemory request was completed. (0x12B)
[1223/101938.094:ERROR:process_memory_win.cc(73)] ReadMemory at 0x18e622fb910 of 64 bytes failed: Only part of a ReadProcessMemory or WriteProcessMemory request was completed. (0x12B)
[1223/101938.094:ERROR:process_memory_win.cc(73)] ReadMemory at 0x18e622fb960 of 62 bytes failed: Only part of a ReadProcessMemory or WriteProcessMemory request was completed. (0x12B)
[1223/101938.094:ERROR:process_memory_win.cc(73)] ReadMemory at 0x18e622fbb40 of 64 bytes failed: Only part of a ReadProcessMemory or WriteProcessMemory request was completed. (0x12B)
[1223/101938.094:ERROR:process_memory_win.cc(73)] ReadMemory at 0x18e622fbb90 of 64 bytes failed: Only part of a ReadProcessMemory or WriteProcessMemory request was completed. (0x12B)
[1223/101938.094:ERROR:process_memory_win.cc(73)] ReadMemory at 0x18e622fbbe0 of 62 bytes failed: Only part of a ReadProcessMemory or WriteProcessMemory request was completed. (0x12B)
[1223/101938.094:ERROR:process_memory_win.cc(73)] ReadMemory at 0x18e622fbc30 of 62 bytes failed: Only part of a ReadProcessMemory or WriteProcessMemory request was completed. (0x12B)
[1223/101938.094:ERROR:process_memory_win.cc(73)] ReadMemory at 0x18e622fbcd0 of 60 bytes failed: Only part of a ReadProcessMemory or WriteProcessMemory request was completed. (0x12B)
[1223/101938.094:ERROR:process_memory_win.cc(73)] ReadMemory at 0x18e622fbd20 of 60 bytes failed: Only part of a ReadProcessMemory or WriteProcessMemory request was completed. (0x12B)
[1223/101938.094:ERROR:process_memory_win.cc(73)] ReadMemory at 0x18e622fbd70 of 62 bytes failed: Only part of a ReadProcessMemory or WriteProcessMemory request was completed. (0x12B)
[1223/101938.094:ERROR:process_memory_win.cc(73)] ReadMemory at 0x18e622fbeb0 of 66 bytes failed: Only part of a ReadProcessMemory or WriteProcessMemory request was completed. (0x12B)
[1223/101938.094:ERROR:process_memory_win.cc(73)] ReadMemory at 0x18e622fbf00 of 64 bytes failed: Only part of a ReadProcessMemory or WriteProcessMemory request was completed. (0x12B)
[1223/101938.094:ERROR:process_memory_win.cc(73)] ReadMemory at 0x18e622fbf50 of 66 bytes failed: Only part of a ReadProcessMemory or WriteProcessMemory request was completed. (0x12B)
[1223/101938.094:ERROR:process_memory_win.cc(73)] ReadMemory at 0x18e622fbfa0 of 62 bytes failed: Only part of a ReadProcessMemory or WriteProcessMemory request was completed. (0x12B)
[1223/101938.094:ERROR:process_memory_win.cc(73)] ReadMemory at 0x18e622fbff0 of 64 bytes failed: Only part of a ReadProcessMemory or WriteProcessMemory request was completed. (0x12B)
[1223/101938.094:ERROR:process_memory_win.cc(73)] ReadMemory at 0x18e622fc180 of 62 bytes failed: Only part of a ReadProcessMemory or WriteProcessMemory request was completed. (0x12B)
[1223/101938.094:ERROR:process_memory_win.cc(73)] ReadMemory at 0x18e622fc1d0 of 60 bytes failed: Only part of a ReadProcessMemory or WriteProcessMemory request was completed. (0x12B)
[1223/101938.094:ERROR:process_memory_win.cc(73)] ReadMemory at 0x18e622fc220 of 62 bytes failed: Only part of a ReadProcessMemory or WriteProcessMemory request was completed. (0x12B)
[1223/101938.094:ERROR:process_memory_win.cc(73)] ReadMemory at 0x18e622fc270 of 58 bytes failed: Only part of a ReadProcessMemory or WriteProcessMemory request was completed. (0x12B)
[1223/101938.094:ERROR:process_memory_win.cc(73)] ReadMemory at 0x18e62300e90 of 132 bytes failed: Only part of a ReadProcessMemory or WriteProcessMemory request was completed. (0x12B)
[1223/101938.094:ERROR:process_memory_win.cc(73)] ReadMemory at 0x18e62301200 of 132 bytes failed: Only part of a ReadProcessMemory or WriteProcessMemory request was completed. (0x12B)
[1223/101938.094:ERROR:process_memory_win.cc(73)] ReadMemory at 0x18e62301460 of 132 bytes failed: Only part of a ReadProcessMemory or WriteProcessMemory request was completed. (0x12B)
[1223/101938.094:ERROR:process_memory_win.cc(73)] ReadMemory at 0x18e62301590 of 132 bytes failed: Only part of a ReadProcessMemory or WriteProcessMemory request was completed. (0x12B)
[1223/101938.094:ERROR:process_memory_win.cc(73)] ReadMemory at 0x18e623016c0 of 132 bytes failed: Only part of a ReadProcessMemory or WriteProcessMemory request was completed. (0x12B)
[1223/101938.094:ERROR:process_memory_win.cc(73)] ReadMemory at 0x18e623017f0 of 132 bytes failed: Only part of a ReadProcessMemory or WriteProcessMemory request was completed. (0x12B)
[1223/101938.098:ERROR:process_memory_win.cc(73)] ReadMemory at 0x18e62301920 of 132 bytes failed: Only part of a ReadProcessMemory or WriteProcessMemory request was completed. (0x12B)
[1223/101938.098:ERROR:process_memory_win.cc(73)] ReadMemory at 0x18e62301a50 of 132 bytes failed: Only part of a ReadProcessMemory or WriteProcessMemory request was completed. (0x12B)
[1223/101938.098:ERROR:process_memory_win.cc(73)] ReadMemory at 0x18e62301b80 of 132 bytes failed: Only part of a ReadProcessMemory or WriteProcessMemory request was completed. (0x12B)
[1223/101938.098:ERROR:process_memory_win.cc(73)] ReadMemory at 0x18e62301de0 of 132 bytes failed: Only part of a ReadProcessMemory or WriteProcessMemory request was completed. (0x12B)
[1223/101938.098:ERROR:process_memory_win.cc(73)] ReadMemory at 0x18e62301f10 of 132 bytes failed: Only part of a ReadProcessMemory or WriteProcessMemory request was completed. (0x12B)
[1223/101938.098:ERROR:process_memory_win.cc(73)] ReadMemory at 0x18e62302040 of 132 bytes failed: Only part of a ReadProcessMemory or WriteProcessMemory request was completed. (0x12B)
[1223/101938.098:ERROR:process_memory_win.cc(73)] ReadMemory at 0x18e62302170 of 132 bytes failed: Only part of a ReadProcessMemory or WriteProcessMemory request was completed. (0x12B)
[1223/101938.098:ERROR:process_memory_win.cc(73)] ReadMemory at 0x18e623022a0 of 132 bytes failed: Only part of a ReadProcessMemory or WriteProcessMemory request was completed. (0x12B)
[1223/101938.098:ERROR:process_memory_win.cc(73)] ReadMemory at 0x18e62303230 of 132 bytes failed: Only part of a ReadProcessMemory or WriteProcessMemory request was completed. (0x12B)
[1223/101938.098:ERROR:process_memory_win.cc(73)] ReadMemory at 0x18e62303490 of 132 bytes failed: Only part of a ReadProcessMemory or WriteProcessMemory request was completed. (0x12B)
[1223/101938.098:ERROR:process_memory_win.cc(73)] ReadMemory at 0x18e623035c0 of 132 bytes failed: Only part of a ReadProcessMemory or WriteProcessMemory request was completed. (0x12B)
[1223/101938.098:ERROR:process_memory_win.cc(73)] ReadMemory at 0x18e62303950 of 132 bytes failed: Only part of a ReadProcessMemory or WriteProcessMemory request was completed. (0x12B)
[1223/101938.098:ERROR:process_memory_win.cc(73)] ReadMemory at 0x18e62304790 of 132 bytes failed: Only part of a ReadProcessMemory or WriteProcessMemory request was completed. (0x12B)
[1223/101938.098:ERROR:process_memory_win.cc(73)] ReadMemory at 0x18e623048c0 of 132 bytes failed: Only part of a ReadProcessMemory or WriteProcessMemory request was completed. (0x12B)
[1223/101938.098:ERROR:process_memory_win.cc(73)] ReadMemory at 0x18e623049f0 of 132 bytes failed: Only part of a ReadProcessMemory or WriteProcessMemory request was completed. (0x12B)
[1223/101938.098:ERROR:process_memory_win.cc(73)] ReadMemory at 0x18e62304c50 of 132 bytes failed: Only part of a ReadProcessMemory or WriteProcessMemory request was completed. (0x12B)
[1223/101938.098:ERROR:process_memory_win.cc(73)] ReadMemory at 0x18e62304d80 of 132 bytes failed: Only part of a ReadProcessMemory or WriteProcessMemory request was completed. (0x12B)
[1223/101938.098:ERROR:process_memory_win.cc(73)] ReadMemory at 0x18e62304fe0 of 132 bytes failed: Only part of a ReadProcessMemory or WriteProcessMemory request was completed. (0x12B)
[1223/101938.098:ERROR:process_memory_win.cc(73)] ReadMemory at 0x18e6234e700 of 512 bytes failed: Only part of a ReadProcessMemory or WriteProcessMemory request was completed. (0x12B)
[1223/101938.098:ERROR:process_memory_win.cc(73)] ReadMemory at 0x18e6234f5b0 of 512 bytes failed: Only part of a ReadProcessMemory or WriteProcessMemory request was completed. (0x12B)
[1223/101938.098:ERROR:process_memory_win.cc(73)] ReadMemory at 0x18e6234f830 of 512 bytes failed: Only part of a ReadProcessMemory or WriteProcessMemory request was completed. (0x12B)
[1223/101938.098:ERROR:process_memory_win.cc(73)] ReadMemory at 0x18e62366930 of 512 bytes failed: Only part of a ReadProcessMemory or WriteProcessMemory request was completed. (0x12B)
[1223/101938.098:ERROR:process_memory_win.cc(73)] ReadMemory at 0x18e62366d60 of 512 bytes failed: Only part of a ReadProcessMemory or WriteProcessMemory request was completed. (0x12B)
[1223/101938.098:ERROR:process_memory_win.cc(73)] ReadMemory at 0x18e623705e0 of 512 bytes failed: Only part of a ReadProcessMemory or WriteProcessMemory request was completed. (0x12B)
[1223/101938.098:ERROR:process_memory_win.cc(73)] ReadMemory at 0x18e6237e650 of 712 bytes failed: Only part of a ReadProcessMemory or WriteProcessMemory request was completed. (0x12B)
[1223/101938.098:ERROR:process_memory_win.cc(73)] ReadMemory at 0x18e62381980 of 512 bytes failed: Only part of a ReadProcessMemory or WriteProcessMemory request was completed. (0x12B)
[1223/101938.098:ERROR:process_memory_win.cc(73)] ReadMemory at 0x18e62398cd0 of 512 bytes failed: Only part of a ReadProcessMemory or WriteProcessMemory request was completed. (0x12B)
[1223/101938.098:ERROR:process_memory_win.cc(73)] ReadMemory at 0x18e623bc452 of 512 bytes failed: Only part of a ReadProcessMemory or WriteProcessMemory request was completed. (0x12B)
[1223/101938.098:ERROR:process_memory_win.cc(73)] ReadMemory at 0x18e623c0930 of 512 bytes failed: Only part of a ReadProcessMemory or WriteProcessMemory request was completed. (0x12B)
[1223/101938.098:ERROR:process_memory_win.cc(73)] ReadMemory at 0x18e623c0eb0 of 512 bytes failed: Only part of a ReadProcessMemory or WriteProcessMemory request was completed. (0x12B)
[1223/101938.098:ERROR:process_memory_win.cc(73)] ReadMemory at 0x18e623c1480 of 512 bytes failed: Only part of a ReadProcessMemory or WriteProcessMemory request was completed. (0x12B)
[1223/101938.098:ERROR:process_memory_win.cc(73)] ReadMemory at 0x18e623ce030 of 512 bytes failed: Only part of a ReadProcessMemory or WriteProcessMemory request was completed. (0x12B)
[1223/101938.098:ERROR:process_memory_win.cc(73)] ReadMemory at 0x18e63dc0000 of 384 bytes failed: Only part of a ReadProcessMemory or WriteProcessMemory request was completed. (0x12B)
[1223/101938.098:ERROR:process_memory_win.cc(73)] ReadMemory at 0x18e63e06d80 of 512 bytes failed: Only part of a ReadProcessMemory or WriteProcessMemory request was completed. (0x12B)
[1223/101938.098:ERROR:process_memory_win.cc(73)] ReadMemory at 0x18e63e180f0 of 512 bytes failed: Only part of a ReadProcessMemory or WriteProcessMemory request was completed. (0x12B)
[1223/101938.098:ERROR:process_memory_win.cc(73)] ReadMemory at 0x18e63e19918 of 512 bytes failed: Only part of a ReadProcessMemory or WriteProcessMemory request was completed. (0x12B)
[1223/101938.098:ERROR:process_memory_win.cc(73)] ReadMemory at 0x18e63e19b58 of 512 bytes failed: Only part of a ReadProcessMemory or WriteProcessMemory request was completed. (0x12B)
[1223/101938.098:ERROR:process_memory_win.cc(73)] ReadMemory at 0x18e63e1a068 of 512 bytes failed: Only part of a ReadProcessMemory or WriteProcessMemory request was completed. (0x12B)
[1223/101938.098:ERROR:process_memory_win.cc(73)] ReadMemory at 0x18e63e1a2a8 of 512 bytes failed: Only part of a ReadProcessMemory or WriteProcessMemory request was completed. (0x12B)
[1223/101938.098:ERROR:process_memory_win.cc(73)] ReadMemory at 0x18e63e72406 of 528 bytes failed: Only part of a ReadProcessMemory or WriteProcessMemory request was completed. (0x12B)
[1223/101938.098:ERROR:process_memory_win.cc(73)] ReadMemory at 0x18e63e72716 of 512 bytes failed: Only part of a ReadProcessMemory or WriteProcessMemory request was completed. (0x12B)
[1223/101938.098:ERROR:process_memory_win.cc(73)] ReadMemory at 0x18e6417ab88 of 512 bytes failed: Only part of a ReadProcessMemory or WriteProcessMemory request was completed. (0x12B)
[1223/101938.098:ERROR:process_memory_win.cc(73)] ReadMemory at 0x18e64184898 of 512 bytes failed: Only part of a ReadProcessMemory or WriteProcessMemory request was completed. (0x12B)
[1223/101938.098:ERROR:process_memory_win.cc(73)] ReadMemory at 0x18e641b7db0 of 512 bytes failed: Only part of a ReadProcessMemory or WriteProcessMemory request was completed. (0x12B)
[1223/101938.098:ERROR:process_memory_win.cc(73)] ReadMemory at 0x18e642aff50 of 512 bytes failed: Only part of a ReadProcessMemory or WriteProcessMemory request was completed. (0x12B)
[1223/101938.098:ERROR:process_memory_win.cc(73)] ReadMemory at 0x18e64539fd0 of 512 bytes failed: Only part of a ReadProcessMemory or WriteProcessMemory request was completed. (0x12B)
[1223/101938.098:ERROR:process_memory_win.cc(73)] ReadMemory at 0x18e645a4328 of 512 bytes failed: Only part of a ReadProcessMemory or WriteProcessMemory request was completed. (0x12B)
[1223/101938.098:ERROR:process_memory_win.cc(73)] ReadMemory at 0x18e645bc358 of 512 bytes failed: Only part of a ReadProcessMemory or WriteProcessMemory request was completed. (0x12B)
[1223/101938.098:ERROR:process_memory_win.cc(73)] ReadMemory at 0x1b7800000000 of 384 bytes failed: Only part of a ReadProcessMemory or WriteProcessMemory request was completed. (0x12B)
[1223/101938.098:ERROR:process_memory_win.cc(73)] ReadMemory at 0x1b780814ea65 of 512 bytes failed: Only part of a ReadProcessMemory or WriteProcessMemory request was completed. (0x12B)
[1223/101938.098:ERROR:process_memory_win.cc(73)] ReadMemory at 0x1b780858350d of 512 bytes failed: Only part of a ReadProcessMemory or WriteProcessMemory request was completed. (0x12B)
[1223/101938.098:ERROR:process_memory_win.cc(73)] ReadMemory at 0x1b78085b90ad of 512 bytes failed: Only part of a ReadProcessMemory or WriteProcessMemory request was completed. (0x12B)
[1223/101938.098:ERROR:process_memory_win.cc(73)] ReadMemory at 0x1b780865a29d of 512 bytes failed: Only part of a ReadProcessMemory or WriteProcessMemory request was completed. (0x12B)
[1223/101938.098:ERROR:process_memory_win.cc(73)] ReadMemory at 0x7ff86ce83660 of 512 bytes failed: Only part of a ReadProcessMemory or WriteProcessMemory request was completed. (0x12B)
[1223/101938.098:ERROR:process_memory_win.cc(73)] ReadMemory at 0x7ff86cf99c80 of 512 bytes failed: Only part of a ReadProcessMemory or WriteProcessMemory request was completed. (0x12B)
[1223/101938.098:ERROR:process_memory_win.cc(73)] ReadMemory at 0x7ff8d1efa7b9 of 512 bytes failed: Only part of a ReadProcessMemory or WriteProcessMemory request was completed. (0x12B)
[1223/101938.098:ERROR:process_memory_win.cc(73)] ReadMemory at 0x7ff8d212b6d0 of 512 bytes failed: Only part of a ReadProcessMemory or WriteProcessMemory request was completed. (0x12B)
[1223/101938.098:ERROR:process_memory_win.cc(73)] ReadMemory at 0x7ff8d4161f80 of 512 bytes failed: Only part of a ReadProcessMemory or WriteProcessMemory request was completed. (0x12B)
[1223/101938.098:ERROR:process_memory_win.cc(73)] ReadMemory at 0x7ff8d4f7c0c4 of 672 bytes failed: Only part of a ReadProcessMemory or WriteProcessMemory request was completed. (0x12B)
[1223/101938.098:ERROR:process_memory_win.cc(73)] ReadMemory at 0x7ff8d4f7c404 of 512 bytes failed: Only part of a ReadProcessMemory or WriteProcessMemory request was completed. (0x12B)
[1223/101938.098:ERROR:process_memory_win.cc(73)] ReadMemory at 0x7ff8d4f7c6c4 of 512 bytes failed: Only part of a ReadProcessMemory or WriteProcessMemory request was completed. (0x12B)
[1223/101938.098:ERROR:process_memory_win.cc(73)] ReadMemory at 0x7ff8d4f7f974 of 608 bytes failed: Only part of a ReadProcessMemory or WriteProcessMemory request was completed. (0x12B)
[1223/101938.098:ERROR:process_memory_win.cc(73)] ReadMemory at 0x7ff8d500c428 of 18 bytes failed: Only part of a ReadProcessMemory or WriteProcessMemory request was completed. (0x12B)
[1223/101938.098:ERROR:process_memory_win.cc(73)] ReadMemory at 0x7ff8d503f4f8 of 40 bytes failed: Only part of a ReadProcessMemory or WriteProcessMemory request was completed. (0x12B)
[1223/101938.098:ERROR:process_memory_win.cc(73)] ReadMemory at 0x7ff8d503f978 of 48 bytes failed: Only part of a ReadProcessMemory or WriteProcessMemory request was completed. (0x12B)
[1223/101938.098:ERROR:process_memory_win.cc(73)] ReadMemory at 0x7ff8d50453c0 of 64 bytes failed: Only part of a ReadProcessMemory or WriteProcessMemory request was completed. (0x12B)
[1223/101938.103:ERROR:scoped_process_suspend.cc(40)] NtResumeProcess: An attempt was made to access an exiting process. (0xc000010a)
